<?xml version="1.0" encoding="UTF-8"?>
<robot generator="Robot 4.1.3 (Python 3.10.2 on win32)" generated="20220318 19:45:19.173" rpa="false" schemaversion="2">
<suite id="s1" name="Robot Interactive Console" source="c:\Users\guilh\.vscode\extensions\robocorp.robotframework-lsp-0.42.0\src\robotframework_ls\vendored\robotframework_interactive\robot_interactive_console.robot">
<test id="s1-t1" name="Default Task/Test">
<kw name="Interpreter Main Loop" library="MainLoop">
<kw name="Acessar a página home do site Automation Practice">
<msg timestamp="20220318 19:45:21.892" level="FAIL">No keyword with name 'Acessar a página home do site Automation Practice' found.</msg>
<status status="FAIL" starttime="20220318 19:45:21.892" endtime="20220318 19:45:21.893"/>
</kw>
<kw name="Digitar o nome do produto &quot;itemNaoExistente&quot; no campo de pesquisa">
<status status="NOT RUN" starttime="20220318 19:45:21.896" endtime="20220318 19:45:21.896"/>
</kw>
<kw name="Clicar no botão pesquisar">
<status status="NOT RUN" starttime="20220318 19:45:21.900" endtime="20220318 19:45:21.900"/>
</kw>
<kw name="Conferir mensagem &quot;No results were found for your search&quot;">
<status status="NOT RUN" starttime="20220318 19:45:21.904" endtime="20220318 19:45:21.905"/>
</kw>
<status status="PASS" starttime="20220318 19:45:19.241" endtime="20220318 19:45:40.659"/>
</kw>
<status status="PASS" starttime="20220318 19:45:19.240" endtime="20220318 19:45:40.660"/>
</test>
<status status="PASS" starttime="20220318 19:45:19.178" endtime="20220318 19:45:40.662"/>
</suite>
<statistics>
<total>
<stat pass="1" fail="0" skip="0">All Tests</stat>
</total>
<tag>
</tag>
<suite>
<stat pass="1" fail="0" skip="0" id="s1" name="Robot Interactive Console">Robot Interactive Console</stat>
</suite>
</statistics>
<errors>
</errors>
</robot>
