<?xml version="1.0" encoding="UTF-8"?>
<robot generator="Robot 4.1.3 (Python 3.10.2 on win32)" generated="20220320 15:58:43.182" rpa="false" schemaversion="2">
<suite id="s1" name="Cenarios" source="C:\projetos\aula_pha\refactoring\tests\features\cenarios.robot">
<test id="s1-t1" name="Caso de Teste 01: Pesquisar produto existente">
<kw name="Abrir o navegador" library="hooks" type="SETUP">
<kw name="Open Browser" library="SeleniumLibrary">
<arg>browser=${BROWSER}</arg>
<doc>Opens a new browser instance to the optional ``url``.</doc>
<msg timestamp="20220320 15:58:44.419" level="INFO">Opening browser 'chrome' to base url 'None'.</msg>
<status status="PASS" starttime="20220320 15:58:44.418" endtime="20220320 15:58:47.499"/>
</kw>
<kw name="Maximize Browser Window" library="SeleniumLibrary">
<doc>Maximizes current browser window.</doc>
<status status="PASS" starttime="20220320 15:58:47.499" endtime="20220320 15:58:47.636"/>
</kw>
<status status="PASS" starttime="20220320 15:58:44.416" endtime="20220320 15:58:47.637"/>
</kw>
<kw name="Acessar a página home do site Automation Practice" library="keywords">
<kw name="Go To" library="SeleniumLibrary">
<arg>${URL}</arg>
<doc>Navigates the current browser window to the provided ``url``.</doc>
<msg timestamp="20220320 15:58:47.641" level="INFO">Opening url 'http://automationpractice.com'</msg>
<status status="PASS" starttime="20220320 15:58:47.640" endtime="20220320 15:58:53.116"/>
</kw>
<kw name="Title Should Be" library="SeleniumLibrary">
<arg>${TITLE_HOMEPAGE}</arg>
<doc>Verifies that the current page title equals ``title``.</doc>
<msg timestamp="20220320 15:58:53.124" level="INFO">Page title is 'My Store'.</msg>
<status status="PASS" starttime="20220320 15:58:53.116" endtime="20220320 15:58:53.124"/>
</kw>
<status status="PASS" starttime="20220320 15:58:47.639" endtime="20220320 15:58:53.124"/>
</kw>
<kw name="Digitar o nome do produto &quot;Blouse&quot; no campo de pesquisa" library="keywords" sourcename="Digitar o nome do produto &quot;${PRODUCT}&quot; no campo de pesquisa">
<kw name="Input Text" library="SeleniumLibrary">
<arg>${SEARCH_BOX}</arg>
<arg>${PRODUCT}</arg>
<doc>Types the given ``text`` into the text field identified by ``locator``.</doc>
<msg timestamp="20220320 15:58:53.127" level="INFO">Typing text 'Blouse' into text field 'name=search_query'.</msg>
<status status="PASS" starttime="20220320 15:58:53.126" endtime="20220320 15:58:53.315"/>
</kw>
<kw name="Capture Page Screenshot" library="SeleniumLibrary">
<doc>Takes a screenshot of the current page and embeds it into a log file.</doc>
<msg timestamp="20220320 15:58:54.389" level="INFO" html="true">&lt;/td&gt;&lt;/tr&gt;&lt;tr&gt;&lt;td colspan="3"&gt;&lt;a href="selenium-screenshot-51.png"&gt;&lt;img src="selenium-screenshot-51.png" width="800px"&gt;&lt;/a&gt;</msg>
<status status="PASS" starttime="20220320 15:58:53.315" endtime="20220320 15:58:54.389"/>
</kw>
<status status="PASS" starttime="20220320 15:58:53.125" endtime="20220320 15:58:54.390"/>
</kw>
<kw name="Clicar no botão pesquisar" library="keywords">
<kw name="Click Element" library="SeleniumLibrary">
<arg>${SEARCH_BUTTON}</arg>
<doc>Click the element identified by ``locator``.</doc>
<msg timestamp="20220320 15:58:54.393" level="INFO">Clicking element 'name=submit_search'.</msg>
<status status="PASS" starttime="20220320 15:58:54.392" endtime="20220320 15:58:56.461"/>
</kw>
<kw name="Capture Page Screenshot" library="SeleniumLibrary">
<doc>Takes a screenshot of the current page and embeds it into a log file.</doc>
<msg timestamp="20220320 15:58:56.612" level="INFO" html="true">&lt;/td&gt;&lt;/tr&gt;&lt;tr&gt;&lt;td colspan="3"&gt;&lt;a href="selenium-screenshot-52.png"&gt;&lt;img src="selenium-screenshot-52.png" width="800px"&gt;&lt;/a&gt;</msg>
<status status="PASS" starttime="20220320 15:58:56.462" endtime="20220320 15:58:56.612"/>
</kw>
<status status="PASS" starttime="20220320 15:58:54.391" endtime="20220320 15:58:56.613"/>
</kw>
<kw name="Conferir se o produto &quot;Blouse&quot; foi listado no site" library="keywords" sourcename="Conferir se o ${PRODUCT} foi listado no site">
<kw name="Wait Until Element Is Visible" library="SeleniumLibrary">
<arg>xpath=//*[@id="center_column"]/ul/li/div/div[1]/div</arg>
<doc>Waits until the element ``locator`` is visible.</doc>
<status status="PASS" starttime="20220320 15:58:56.615" endtime="20220320 15:58:56.665"/>
</kw>
<kw name="Title Should Be" library="SeleniumLibrary">
<arg>Search - My Store</arg>
<doc>Verifies that the current page title equals ``title``.</doc>
<msg timestamp="20220320 15:58:56.670" level="INFO">Page title is 'Search - My Store'.</msg>
<status status="PASS" starttime="20220320 15:58:56.665" endtime="20220320 15:58:56.671"/>
</kw>
<status status="PASS" starttime="20220320 15:58:56.614" endtime="20220320 15:58:56.671"/>
</kw>
<kw name="Fechar o navegador" library="hooks" type="TEARDOWN">
<kw name="Close Browser" library="SeleniumLibrary">
<doc>Closes the current browser.</doc>
<status status="PASS" starttime="20220320 15:58:56.672" endtime="20220320 15:59:00.407"/>
</kw>
<status status="PASS" starttime="20220320 15:58:56.672" endtime="20220320 15:59:00.407"/>
</kw>
<tag>@test</tag>
<status status="PASS" starttime="20220320 15:58:44.414" endtime="20220320 15:59:00.408"/>
</test>
<test id="s1-t2" name="Caso de Teste 02: Pesquisar produto não existente">
<kw name="Abrir o navegador" library="hooks" type="SETUP">
<kw name="Open Browser" library="SeleniumLibrary">
<arg>browser=${BROWSER}</arg>
<doc>Opens a new browser instance to the optional ``url``.</doc>
<msg timestamp="20220320 15:59:00.413" level="INFO">Opening browser 'chrome' to base url 'None'.</msg>
<status status="PASS" starttime="20220320 15:59:00.412" endtime="20220320 15:59:02.633"/>
</kw>
<kw name="Maximize Browser Window" library="SeleniumLibrary">
<doc>Maximizes current browser window.</doc>
<status status="PASS" starttime="20220320 15:59:02.633" endtime="20220320 15:59:02.799"/>
</kw>
<status status="PASS" starttime="20220320 15:59:00.412" endtime="20220320 15:59:02.799"/>
</kw>
<kw name="Acessar a página home do site Automation Practice" library="keywords">
<kw name="Go To" library="SeleniumLibrary">
<arg>${URL}</arg>
<doc>Navigates the current browser window to the provided ``url``.</doc>
<msg timestamp="20220320 15:59:02.803" level="INFO">Opening url 'http://automationpractice.com'</msg>
<status status="PASS" starttime="20220320 15:59:02.803" endtime="20220320 15:59:09.097"/>
</kw>
<kw name="Title Should Be" library="SeleniumLibrary">
<arg>${TITLE_HOMEPAGE}</arg>
<doc>Verifies that the current page title equals ``title``.</doc>
<msg timestamp="20220320 15:59:09.108" level="INFO">Page title is 'My Store'.</msg>
<status status="PASS" starttime="20220320 15:59:09.099" endtime="20220320 15:59:09.108"/>
</kw>
<status status="PASS" starttime="20220320 15:59:02.801" endtime="20220320 15:59:09.108"/>
</kw>
<kw name="Digitar o nome do produto &quot;itemNaoExistente&quot; no campo de pesquisa" library="keywords" sourcename="Digitar o nome do produto &quot;${PRODUCT}&quot; no campo de pesquisa">
<kw name="Input Text" library="SeleniumLibrary">
<arg>${SEARCH_BOX}</arg>
<arg>${PRODUCT}</arg>
<doc>Types the given ``text`` into the text field identified by ``locator``.</doc>
<msg timestamp="20220320 15:59:09.110" level="INFO">Typing text 'itemNaoExistente' into text field 'name=search_query'.</msg>
<status status="PASS" starttime="20220320 15:59:09.110" endtime="20220320 15:59:09.539"/>
</kw>
<kw name="Capture Page Screenshot" library="SeleniumLibrary">
<doc>Takes a screenshot of the current page and embeds it into a log file.</doc>
<msg timestamp="20220320 15:59:09.971" level="INFO" html="true">&lt;/td&gt;&lt;/tr&gt;&lt;tr&gt;&lt;td colspan="3"&gt;&lt;a href="selenium-screenshot-53.png"&gt;&lt;img src="selenium-screenshot-53.png" width="800px"&gt;&lt;/a&gt;</msg>
<status status="PASS" starttime="20220320 15:59:09.539" endtime="20220320 15:59:09.971"/>
</kw>
<status status="PASS" starttime="20220320 15:59:09.109" endtime="20220320 15:59:09.971"/>
</kw>
<kw name="Clicar no botão pesquisar" library="keywords">
<kw name="Click Element" library="SeleniumLibrary">
<arg>${SEARCH_BUTTON}</arg>
<doc>Click the element identified by ``locator``.</doc>
<msg timestamp="20220320 15:59:09.975" level="INFO">Clicking element 'name=submit_search'.</msg>
<status status="PASS" starttime="20220320 15:59:09.974" endtime="20220320 15:59:12.381"/>
</kw>
<kw name="Capture Page Screenshot" library="SeleniumLibrary">
<doc>Takes a screenshot of the current page and embeds it into a log file.</doc>
<msg timestamp="20220320 15:59:12.550" level="INFO" html="true">&lt;/td&gt;&lt;/tr&gt;&lt;tr&gt;&lt;td colspan="3"&gt;&lt;a href="selenium-screenshot-54.png"&gt;&lt;img src="selenium-screenshot-54.png" width="800px"&gt;&lt;/a&gt;</msg>
<status status="PASS" starttime="20220320 15:59:12.381" endtime="20220320 15:59:12.550"/>
</kw>
<status status="PASS" starttime="20220320 15:59:09.972" endtime="20220320 15:59:12.551"/>
</kw>
<kw name="Conferir mensagem &quot;No results were found for your search&quot;" library="keywords" sourcename="Conferir mensagem ${ERROR_MESSAGE}">
<kw name="Element Text Should Not Be" library="SeleniumLibrary">
<arg>class=alert.alert-warning</arg>
<arg>${ERROR_MESSAGE}</arg>
<doc>Verifies that element ``locator`` does not contain exact the text ``not_expected``.</doc>
<msg timestamp="20220320 15:59:12.554" level="INFO">Verifying element 'class=alert.alert-warning' does not contain exact text '"No results were found for your search"'.</msg>
<status status="PASS" starttime="20220320 15:59:12.553" endtime="20220320 15:59:12.613"/>
</kw>
<status status="PASS" starttime="20220320 15:59:12.552" endtime="20220320 15:59:12.614"/>
</kw>
<kw name="Fechar o navegador" library="hooks" type="TEARDOWN">
<kw name="Close Browser" library="SeleniumLibrary">
<doc>Closes the current browser.</doc>
<status status="PASS" starttime="20220320 15:59:12.616" endtime="20220320 15:59:16.289"/>
</kw>
<status status="PASS" starttime="20220320 15:59:12.615" endtime="20220320 15:59:16.289"/>
</kw>
<tag>@test</tag>
<status status="PASS" starttime="20220320 15:59:00.410" endtime="20220320 15:59:16.290"/>
</test>
<status status="PASS" starttime="20220320 15:58:43.185" endtime="20220320 15:59:16.293"/>
</suite>
<statistics>
<total>
<stat pass="2" fail="0" skip="0">All Tests</stat>
</total>
<tag>
<stat pass="2" fail="0" skip="0">@test</stat>
</tag>
<suite>
<stat pass="2" fail="0" skip="0" id="s1" name="Cenarios">Cenarios</stat>
</suite>
</statistics>
<errors>
</errors>
</robot>
